<?xml version="1.0" encoding="UTF-8"?>
<!-- Generated by org.testng.reporters.JUnitXMLReporter -->
<testsuite hostname="DESKTOP-LBN8TGD" ignored="0" name="Test" tests="1" failures="1" timestamp="03 Apr 2019 12:28:46 GMT" time="0.044" errors="0">
  <testcase name="test" time="0.012" classname="testng.Parameter">
    <failure type="java.lang.NullPointerException">
      <![CDATA[java.lang.NullPointerException
at testng.Parameter.test(Parameter.java:23)
... Removed 25 stack frames]]>
    </failure>
  </testcase> <!-- test -->
</testsuite> <!-- Test -->
